<?xml version="1.0" encoding="UTF-8"?>
<!-- Generated by org.testng.reporters.JUnitReportReporter -->
<testsuite hostname="TORANA-L106" failures="0" tests="1" name="com.automation.testclasses.LoginPageTest" time="3.606" errors="0" timestamp="2025-06-04T16:50:39 IST" skipped="0">
  <testcase classname="com.automation.testclasses.LoginPageTest" name="testLogin" time="3.606"/>
</testsuite> <!-- com.automation.testclasses.LoginPageTest -->
